src/components/analytics/dashboards/SuperAdminDashboard.tsx(35,9): error TS1005: ':' expected.
src/components/analytics/dashboards/SuperAdminDashboard.tsx(35,76): error TS1005: ',' expected.
src/components/analytics/dashboards/SuperAdminDashboard.tsx(36,9): error TS1005: ':' expected.
src/components/analytics/dashboards/SuperAdminDashboard.tsx(36,151): error TS1005: ',' expected.
src/components/analytics/dashboards/SuperAdminDashboard.tsx(49,4): error TS1005: ',' expected.
src/components/analytics/dashboards/SuperAdminDashboard.tsx(275,2): error TS1128: Declaration or statement expected.
src/components/analytics/features/attendance/AttendanceDetailView.tsx(20,9): error TS1005: ':' expected.
src/components/analytics/features/attendance/AttendanceDetailView.tsx(20,76): error TS1005: ',' expected.
src/components/analytics/features/attendance/AttendanceDetailView.tsx(21,9): error TS1005: ':' expected.
src/components/analytics/features/attendance/AttendanceDetailView.tsx(21,151): error TS1005: ',' expected.
src/components/analytics/features/attendance/AttendanceDetailView.tsx(28,4): error TS1005: ';' expected.
src/components/analytics/features/fees/FeesDetailView.tsx(21,9): error TS1005: ':' expected.
src/components/analytics/features/fees/FeesDetailView.tsx(21,76): error TS1005: ',' expected.
src/components/analytics/features/fees/FeesDetailView.tsx(22,9): error TS1005: ':' expected.
src/components/analytics/features/fees/FeesDetailView.tsx(22,151): error TS1005: ',' expected.
src/components/analytics/features/fees/FeesDetailView.tsx(29,4): error TS1005: ';' expected.
src/components/analytics/features/learning/LearningDetailView.tsx(20,9): error TS1005: ':' expected.
src/components/analytics/features/learning/LearningDetailView.tsx(20,76): error TS1005: ',' expected.
src/components/analytics/features/learning/LearningDetailView.tsx(21,9): error TS1005: ':' expected.
src/components/analytics/features/learning/LearningDetailView.tsx(21,151): error TS1005: ',' expected.
src/components/analytics/features/learning/LearningDetailView.tsx(28,4): error TS1005: ';' expected.
src/components/analytics/features/syllabus/SyllabusProgressDetailView.tsx(17,9): error TS1005: ':' expected.
src/components/analytics/features/syllabus/SyllabusProgressDetailView.tsx(17,76): error TS1005: ',' expected.
src/components/analytics/features/syllabus/SyllabusProgressDetailView.tsx(18,9): error TS1005: ':' expected.
src/components/analytics/features/syllabus/SyllabusProgressDetailView.tsx(18,151): error TS1005: ',' expected.
src/components/analytics/features/syllabus/SyllabusProgressDetailView.tsx(25,4): error TS1005: ';' expected.
src/components/analytics/shared/ComparisonChart.tsx(24,9): error TS1005: ':' expected.
src/components/analytics/shared/ComparisonChart.tsx(24,76): error TS1005: ',' expected.
src/components/analytics/shared/ComparisonChart.tsx(25,9): error TS1005: ':' expected.
src/components/analytics/shared/ComparisonChart.tsx(25,151): error TS1005: ',' expected.
src/components/analytics/shared/ComparisonChart.tsx(31,4): error TS1005: ',' expected.
src/components/analytics/shared/ComparisonChart.tsx(87,2): error TS1128: Declaration or statement expected.
src/components/analytics/shared/MetricCard.tsx(19,9): error TS1005: ':' expected.
src/components/analytics/shared/MetricCard.tsx(19,76): error TS1005: ',' expected.
src/components/analytics/shared/MetricCard.tsx(20,9): error TS1005: ':' expected.
src/components/analytics/shared/MetricCard.tsx(20,151): error TS1005: ',' expected.
src/components/analytics/shared/MetricCard.tsx(28,4): error TS1005: ',' expected.
src/components/analytics/shared/MetricCard.tsx(64,2): error TS1128: Declaration or statement expected.
src/components/analytics/shared/SummaryCard.tsx(16,9): error TS1005: ':' expected.
src/components/analytics/shared/SummaryCard.tsx(16,76): error TS1005: ',' expected.
src/components/analytics/shared/SummaryCard.tsx(17,9): error TS1005: ':' expected.
src/components/analytics/shared/SummaryCard.tsx(17,151): error TS1005: ',' expected.
src/components/analytics/shared/SummaryCard.tsx(23,4): error TS1005: ';' expected.
src/components/analytics/shared/TimePeriodFilter.tsx(1,40): error TS1005: 'from' expected.
src/components/analytics/shared/TimePeriodFilter.tsx(1,54): error TS1005: ';' expected.
src/components/analytics/shared/TimePeriodFilter.tsx(20,9): error TS1005: ':' expected.
src/components/analytics/shared/TimePeriodFilter.tsx(20,76): error TS1005: ',' expected.
src/components/analytics/shared/TimePeriodFilter.tsx(21,9): error TS1005: ':' expected.
src/components/analytics/shared/TimePeriodFilter.tsx(21,151): error TS1005: ',' expected.
src/components/analytics/shared/TimePeriodFilter.tsx(28,4): error TS1005: ';' expected.
src/components/analytics/TrendChart.tsx(29,9): error TS1005: ':' expected.
src/components/analytics/TrendChart.tsx(29,76): error TS1005: ',' expected.
src/components/analytics/TrendChart.tsx(30,9): error TS1005: ':' expected.
src/components/analytics/TrendChart.tsx(30,151): error TS1005: ',' expected.
src/components/analytics/TrendChart.tsx(41,4): error TS1005: ',' expected.
src/components/analytics/TrendChart.tsx(145,2): error TS1128: Declaration or statement expected.
src/components/calendar/CalendarEventFormModal.tsx(1,38): error TS1005: 'from' expected.
src/components/calendar/CalendarEventFormModal.tsx(1,52): error TS1005: ';' expected.
src/components/common/Pagination.tsx(1,27): error TS1005: 'from' expected.
src/components/common/Pagination.tsx(1,41): error TS1005: ';' expected.
src/components/common/Pagination.tsx(19,9): error TS1005: ':' expected.
src/components/common/Pagination.tsx(19,76): error TS1005: ',' expected.
src/components/common/Pagination.tsx(20,9): error TS1005: ':' expected.
src/components/common/Pagination.tsx(20,151): error TS1005: ',' expected.
src/components/ErrorBoundary.tsx(1,50): error TS1005: 'from' expected.
src/components/ErrorBoundary.tsx(1,64): error TS1005: ';' expected.
src/components/resources/AddResourceModal.tsx(1,38): error TS1005: 'from' expected.
src/components/resources/AddResourceModal.tsx(1,52): error TS1005: ';' expected.
src/components/resources/AddResourceModal.tsx(94,9): error TS1005: ':' expected.
src/components/resources/AddResourceModal.tsx(94,76): error TS1005: ',' expected.
src/components/resources/AddResourceModal.tsx(95,9): error TS1005: ':' expected.
src/components/resources/AddResourceModal.tsx(95,151): error TS1005: ',' expected.
src/components/resources/AddResourceModal.tsx(101,4): error TS1005: ';' expected.
src/components/resources/PDFViewer.tsx(8,51): error TS1005: 'from' expected.
src/components/resources/PDFViewer.tsx(8,65): error TS1005: ';' expected.
src/components/resources/VideoPlayer.tsx(1,46): error TS1005: 'from' expected.
src/components/resources/VideoPlayer.tsx(1,60): error TS1005: ';' expected.
src/components/tasks/StudentTaskCard.tsx(1,27): error TS1005: 'from' expected.
src/components/tasks/StudentTaskCard.tsx(1,41): error TS1005: ';' expected.
src/components/tasks/StudentTaskCard.tsx(31,9): error TS1005: ':' expected.
src/components/tasks/StudentTaskCard.tsx(31,76): error TS1005: ',' expected.
src/components/tasks/StudentTaskCard.tsx(32,9): error TS1005: ':' expected.
src/components/tasks/StudentTaskCard.tsx(32,151): error TS1005: ',' expected.
src/components/tasks/TaskFormModal.tsx(1,38): error TS1005: 'from' expected.
src/components/tasks/TaskFormModal.tsx(1,52): error TS1005: ';' expected.
src/components/tasks/TaskFormModal.tsx(33,9): error TS1005: ':' expected.
src/components/tasks/TaskFormModal.tsx(33,76): error TS1005: ',' expected.
src/components/tasks/TaskFormModal.tsx(34,9): error TS1005: ':' expected.
src/components/tasks/TaskFormModal.tsx(34,151): error TS1005: ',' expected.
src/components/tasks/TaskSubmissionModal.tsx(1,38): error TS1005: 'from' expected.
src/components/tasks/TaskSubmissionModal.tsx(1,52): error TS1005: ';' expected.
src/components/tasks/TaskSubmissionModal.tsx(32,9): error TS1005: ':' expected.
src/components/tasks/TaskSubmissionModal.tsx(32,76): error TS1005: ',' expected.
src/components/tasks/TaskSubmissionModal.tsx(33,9): error TS1005: ':' expected.
src/components/tasks/TaskSubmissionModal.tsx(33,151): error TS1005: ',' expected.
src/components/tests/CreateTestForm.tsx(1,38): error TS1005: 'from' expected.
src/components/tests/CreateTestForm.tsx(1,52): error TS1005: ';' expected.
src/components/tests/CreateTestForm.tsx(35,9): error TS1005: ':' expected.
src/components/tests/CreateTestForm.tsx(35,76): error TS1005: ',' expected.
src/components/tests/CreateTestForm.tsx(36,9): error TS1005: ':' expected.
src/components/tests/CreateTestForm.tsx(36,151): error TS1005: ',' expected.
src/components/tests/ImportQuestionsModal.tsx(1,27): error TS1005: 'from' expected.
src/components/tests/ImportQuestionsModal.tsx(1,41): error TS1005: ';' expected.
src/components/tests/QuestionBuilderScreen.tsx(1,27): error TS1005: 'from' expected.
src/components/tests/QuestionBuilderScreen.tsx(1,41): error TS1005: ';' expected.
src/components/tests/TestTakingScreen.tsx(1,46): error TS1005: 'from' expected.
src/components/tests/TestTakingScreen.tsx(1,60): error TS1005: ';' expected.
src/components/ui/EmptyState.tsx(20,9): error TS1005: ':' expected.
src/components/ui/EmptyState.tsx(20,76): error TS1005: ',' expected.
src/components/ui/EmptyState.tsx(21,9): error TS1005: ':' expected.
src/components/ui/EmptyState.tsx(21,151): error TS1005: ',' expected.
src/components/ui/ErrorView.tsx(18,9): error TS1005: ':' expected.
src/components/ui/ErrorView.tsx(18,76): error TS1005: ',' expected.
src/components/ui/ErrorView.tsx(19,9): error TS1005: ':' expected.
src/components/ui/ErrorView.tsx(19,151): error TS1005: ',' expected.
src/components/ui/LoadingView.tsx(15,9): error TS1005: ':' expected.
src/components/ui/LoadingView.tsx(15,76): error TS1005: ',' expected.
src/components/ui/LoadingView.tsx(16,9): error TS1005: ':' expected.
src/components/ui/LoadingView.tsx(16,151): error TS1005: ',' expected.
src/components/ui/ProgressRing.tsx(1,36): error TS1005: 'from' expected.
src/components/ui/ProgressRing.tsx(1,50): error TS1005: ';' expected.
src/components/ui/ProgressRing.tsx(22,9): error TS1005: ':' expected.
src/components/ui/ProgressRing.tsx(22,76): error TS1005: ',' expected.
src/components/ui/ProgressRing.tsx(23,9): error TS1005: ':' expected.
src/components/ui/ProgressRing.tsx(23,151): error TS1005: ',' expected.
src/components/ui/SuccessAnimation.tsx(1,36): error TS1005: 'from' expected.
src/components/ui/SuccessAnimation.tsx(1,50): error TS1005: ';' expected.
src/components/ui/SuccessAnimation.tsx(15,9): error TS1005: ':' expected.
src/components/ui/SuccessAnimation.tsx(15,76): error TS1005: ',' expected.
src/components/ui/SuccessAnimation.tsx(16,9): error TS1005: ':' expected.
src/components/ui/SuccessAnimation.tsx(16,151): error TS1005: ',' expected.
src/features/ai-test-generator/AITestGeneratorScreen.tsx(1,27): error TS1005: 'from' expected.
src/features/ai-test-generator/AITestGeneratorScreen.tsx(1,41): error TS1005: ';' expected.
src/features/classes/AddClassesScreen.tsx(1,38): error TS1005: 'from' expected.
src/features/classes/AddClassesScreen.tsx(1,52): error TS1005: ';' expected.
src/features/fees/PaymentsScreen.tsx(17,9): error TS1005: ':' expected.
src/features/fees/PaymentsScreen.tsx(17,76): error TS1005: ',' expected.
src/features/fees/PaymentsScreen.tsx(18,9): error TS1005: ':' expected.
src/features/fees/PaymentsScreen.tsx(18,151): error TS1005: ',' expected.
src/features/fees/StudentFeesScreen.tsx(17,9): error TS1005: ':' expected.
src/features/fees/StudentFeesScreen.tsx(17,76): error TS1005: ',' expected.
src/features/fees/StudentFeesScreen.tsx(18,9): error TS1005: ':' expected.
src/features/fees/StudentFeesScreen.tsx(18,151): error TS1005: ',' expected.
